<?xml version="1.0" encoding="UTF-8"?>
<testng-results skipped="0" failed="0" ignored="0" total="3" passed="3">
  <reporter-output>
  </reporter-output>
  <suite name="Default suite" duration-ms="40" started-at="2019-06-17T09:44:39Z" finished-at="2019-06-17T09:44:39Z">
    <groups>
    </groups>
    <test name="Default test" duration-ms="40" started-at="2019-06-17T09:44:39Z" finished-at="2019-06-17T09:44:39Z">
      <class name="prioritysettings1">
        <test-method status="PASS" signature="test2()[pri:1, instance:prioritysettings1@573f2bb1]" name="test2" duration-ms="10" started-at="2019-06-17T09:44:39Z" finished-at="2019-06-17T09:44:39Z">
          <reporter-output>
          </reporter-output>
        </test-method> <!-- test2 -->
        <test-method status="PASS" signature="test1()[pri:2, instance:prioritysettings1@573f2bb1]" name="test1" duration-ms="0" started-at="2019-06-17T09:44:39Z" finished-at="2019-06-17T09:44:39Z">
          <reporter-output>
          </reporter-output>
        </test-method> <!-- test1 -->
        <test-method status="PASS" signature="abc()[pri:3, instance:prioritysettings1@573f2bb1]" name="abc" duration-ms="0" started-at="2019-06-17T09:44:39Z" finished-at="2019-06-17T09:44:39Z">
          <reporter-output>
          </reporter-output>
        </test-method> <!-- abc -->
      </class> <!-- prioritysettings1 -->
    </test> <!-- Default test -->
  </suite> <!-- Default suite -->
</testng-results>
